2026-06-23 00:41:18.551 +04:00 [INF] Request starting HTTP/1.1 GET http://localhost:5288/ - null null
2026-06-23 00:41:19.959 +04:00 [INF] Cookies was not authenticated. Failure message: Ticket expired
2026-06-23 00:41:19.972 +04:00 [INF] Executing endpoint '/Index'
2026-06-23 00:41:19.997 +04:00 [INF] Route matched with {page = "/Index"}. Executing page /Index
2026-06-23 00:41:20.084 +04:00 [INF] Executing handler method HikeJordanDotNet.Pages.IndexModel.OnGetAsync - ModelState is "Valid"
2026-06-23 00:41:20.533 +04:00 [INF] Executed handler method OnGetAsync, returned result .
2026-06-23 00:41:20.539 +04:00 [INF] Executing an implicit handler method - ModelState is "Valid"
2026-06-23 00:41:20.543 +04:00 [INF] Executed an implicit handler method, returned result Microsoft.AspNetCore.Mvc.RazorPages.PageResult.
2026-06-23 00:41:20.591 +04:00 [INF] Executed page /Index in 565.1974ms
2026-06-23 00:41:20.597 +04:00 [INF] Executed endpoint '/Index'
2026-06-23 00:41:20.599 +04:00 [INF] Request starting HTTP/1.1 GET http://localhost:5288/ - null null
2026-06-23 00:41:20.601 +04:00 [INF] HTTP GET / responded 200 in 1471.0351 ms
2026-06-23 00:41:20.609 +04:00 [INF] Cookies was not authenticated. Failure message: Ticket expired
2026-06-23 00:41:20.615 +04:00 [INF] Request finished HTTP/1.1 GET http://localhost:5288/ - 200 null text/html; charset=utf-8 2067.9278ms
2026-06-23 00:41:20.616 +04:00 [INF] Executing endpoint '/Index'
2026-06-23 00:41:20.626 +04:00 [INF] Route matched with {page = "/Index"}. Executing page /Index
2026-06-23 00:41:20.630 +04:00 [INF] Executing handler method HikeJordanDotNet.Pages.IndexModel.OnGetAsync - ModelState is "Valid"
2026-06-23 00:41:20.661 +04:00 [INF] Executed handler method OnGetAsync, returned result .
2026-06-23 00:41:20.664 +04:00 [INF] Executing an implicit handler method - ModelState is "Valid"
2026-06-23 00:41:20.667 +04:00 [INF] Executed an implicit handler method, returned result Microsoft.AspNetCore.Mvc.RazorPages.PageResult.
2026-06-23 00:41:20.677 +04:00 [INF] Executed page /Index in 48.5559ms
2026-06-23 00:41:20.681 +04:00 [INF] Executed endpoint '/Index'
2026-06-23 00:41:20.687 +04:00 [INF] HTTP GET / responded 200 in 78.8534 ms
2026-06-23 00:41:20.708 +04:00 [INF] Request finished HTTP/1.1 GET http://localhost:5288/ - 200 null text/html; charset=utf-8 108.5026ms
2026-06-23 00:41:21.082 +04:00 [INF] Request starting HTTP/1.1 GET http://localhost:5288/HikeJordanDotNet.styles.css?v=4J61R-2qxBDln4_gP8eFyAkDd6HIhbKd8azcT8Nn0V4 - null null
2026-06-23 00:41:21.082 +04:00 [INF] Request starting HTTP/1.1 GET http://localhost:5288/css/site.css?v=BpvAtjzceInFeZdn1-5gOHjZUDSjj2bwa5THyKJ4pjM - null null
2026-06-23 00:41:21.088 +04:00 [INF] Request starting HTTP/1.1 GET http://localhost:5288/lib/jquery/dist/jquery.min.js - null null
2026-06-23 00:41:21.090 +04:00 [INF] Request starting HTTP/1.1 GET http://localhost:5288/lib/bootstrap/dist/js/bootstrap.bundle.min.js - null null
2026-06-23 00:41:21.112 +04:00 [INF] Request starting HTTP/1.1 GET http://localhost:5288/lib/bootstrap/dist/css/bootstrap.min.css - null null
2026-06-23 00:41:21.138 +04:00 [INF] Request starting HTTP/1.1 GET http://localhost:5288/js/site.js?v=0Vh4BxrB9IYlD4DlVkWCFzWi0U_y3mcuoywstPuNZT8 - null null
2026-06-23 00:41:21.246 +04:00 [INF] The file /lib/bootstrap/dist/js/bootstrap.bundle.min.js was not modified
2026-06-23 00:41:21.246 +04:00 [INF] The file /HikeJordanDotNet.styles.css was not modified
2026-06-23 00:41:21.247 +04:00 [INF] The file /css/site.css was not modified
2026-06-23 00:41:21.246 +04:00 [INF] The file /lib/jquery/dist/jquery.min.js was not modified
2026-06-23 00:41:21.317 +04:00 [INF] The file /lib/bootstrap/dist/css/bootstrap.min.css was not modified
2026-06-23 00:41:21.440 +04:00 [INF] HTTP GET /lib/bootstrap/dist/css/bootstrap.min.css responded 304 in 125.5292 ms
2026-06-23 00:41:21.394 +04:00 [INF] HTTP GET /lib/bootstrap/dist/js/bootstrap.bundle.min.js responded 304 in 159.2890 ms
2026-06-23 00:41:21.401 +04:00 [INF] HTTP GET /HikeJordanDotNet.styles.css responded 304 in 236.0800 ms
2026-06-23 00:41:21.485 +04:00 [INF] Request finished HTTP/1.1 GET http://localhost:5288/HikeJordanDotNet.styles.css?v=4J61R-2qxBDln4_gP8eFyAkDd6HIhbKd8azcT8Nn0V4 - 304 null text/css 406.0869ms
2026-06-23 00:41:21.433 +04:00 [INF] HTTP GET /lib/jquery/dist/jquery.min.js responded 304 in 219.6018 ms
2026-06-23 00:41:21.383 +04:00 [INF] The file /js/site.js was not modified
2026-06-23 00:41:21.460 +04:00 [INF] Request finished HTTP/1.1 GET http://localhost:5288/lib/bootstrap/dist/css/bootstrap.min.css - 304 null text/css 347.055ms
2026-06-23 00:41:21.478 +04:00 [INF] Request finished HTTP/1.1 GET http://localhost:5288/lib/bootstrap/dist/js/bootstrap.bundle.min.js - 304 null text/javascript 398.3648ms
2026-06-23 00:41:21.431 +04:00 [INF] HTTP GET /css/site.css responded 304 in 228.7427 ms
2026-06-23 00:41:21.519 +04:00 [INF] Request finished HTTP/1.1 GET http://localhost:5288/lib/jquery/dist/jquery.min.js - 304 null text/javascript 430.2431ms
2026-06-23 00:41:21.530 +04:00 [INF] HTTP GET /js/site.js responded 304 in 147.3149 ms
2026-06-23 00:41:21.859 +04:00 [INF] Request finished HTTP/1.1 GET http://localhost:5288/css/site.css?v=BpvAtjzceInFeZdn1-5gOHjZUDSjj2bwa5THyKJ4pjM - 304 null text/css 773.772ms
2026-06-23 00:41:22.415 +04:00 [INF] Request finished HTTP/1.1 GET http://localhost:5288/js/site.js?v=0Vh4BxrB9IYlD4DlVkWCFzWi0U_y3mcuoywstPuNZT8 - 304 null text/javascript 1276.5926ms
2026-06-23 00:41:24.999 +04:00 [INF] Request starting HTTP/1.1 GET http://localhost:5288/ - null null
2026-06-23 00:41:25.033 +04:00 [INF] Cookies was not authenticated. Failure message: Ticket expired
2026-06-23 00:41:25.041 +04:00 [INF] Executing endpoint '/Index'
2026-06-23 00:41:25.043 +04:00 [INF] Route matched with {page = "/Index"}. Executing page /Index
2026-06-23 00:41:25.048 +04:00 [INF] Executing handler method HikeJordanDotNet.Pages.IndexModel.OnGetAsync - ModelState is "Valid"
2026-06-23 00:41:25.090 +04:00 [INF] Executed handler method OnGetAsync, returned result .
2026-06-23 00:41:25.096 +04:00 [INF] Executing an implicit handler method - ModelState is "Valid"
2026-06-23 00:41:25.101 +04:00 [INF] Executed an implicit handler method, returned result Microsoft.AspNetCore.Mvc.RazorPages.PageResult.
2026-06-23 00:41:25.117 +04:00 [INF] Executed page /Index in 69.8502ms
2026-06-23 00:41:25.121 +04:00 [INF] Executed endpoint '/Index'
2026-06-23 00:41:25.123 +04:00 [INF] HTTP GET / responded 200 in 91.8073 ms
2026-06-23 00:41:25.133 +04:00 [INF] Request finished HTTP/1.1 GET http://localhost:5288/ - 200 null text/html; charset=utf-8 134.3293ms
